<?xml version="1.0" encoding="UTF-8" ?>
<testsuite tests="4" failures="0" name="Aula28.SimpleClassIT" time="0.003" errors="0" skipped="0">
  <properties>
[...]
</properties>
  <testcase classname="Aula28.SimpleClassIT" name="Aula28.SimpleClassIT.testsubEm" time="0.003"/>
  <testcase classname="Aula28.SimpleClassIT" name="Aula28.SimpleClassIT.testdivEm" time="0"/>
  <testcase classname="Aula28.SimpleClassIT" name="Aula28.SimpleClassIT.testAddEm" time="0"/>
  <testcase classname="Aula28.SimpleClassIT" name="Aula28.SimpleClassIT.testMulEm" time="0"/>
</testsuite>